<?xml version="1.0" encoding="UTF-8"?>
<coverage generated="1605612364867" clover="3.2.0">
  <project timestamp="1605612364867" name="All files">
    <metrics statements="5" coveredstatements="5" conditionals="0" coveredconditionals="0" methods="5" coveredmethods="5" elements="10" coveredelements="10" complexity="0" loc="5" ncloc="5" packages="1" files="5" classes="5"/>
    <file name="App.jsx" path="/Users/thkim/work/week9/flexible/src/App.jsx">
      <metrics statements="1" coveredstatements="1" conditionals="0" coveredconditionals="0" methods="1" coveredmethods="1"/>
      <line num="16" count="4" type="stmt"/>
    </file>
    <file name="GuidePage.jsx" path="/Users/thkim/work/week9/flexible/src/GuidePage.jsx">
      <metrics statements="1" coveredstatements="1" conditionals="0" coveredconditionals="0" methods="1" coveredmethods="1"/>
      <line num="6" count="1" type="stmt"/>
    </file>
    <file name="HomePage.jsx" path="/Users/thkim/work/week9/flexible/src/HomePage.jsx">
      <metrics statements="1" coveredstatements="1" conditionals="0" coveredconditionals="0" methods="1" coveredmethods="1"/>
      <line num="6" count="5" type="stmt"/>
    </file>
    <file name="InputNamePage.jsx" path="/Users/thkim/work/week9/flexible/src/InputNamePage.jsx">
      <metrics statements="1" coveredstatements="1" conditionals="0" coveredconditionals="0" methods="1" coveredmethods="1"/>
      <line num="4" count="1" type="stmt"/>
    </file>
    <file name="NotFoundPage.jsx" path="/Users/thkim/work/week9/flexible/src/NotFoundPage.jsx">
      <metrics statements="1" coveredstatements="1" conditionals="0" coveredconditionals="0" methods="1" coveredmethods="1"/>
      <line num="4" count="1" type="stmt"/>
    </file>
  </project>
</coverage>
