<?xml version="1.0" encoding="UTF-8"?>
<coverage generated="1605614140204" clover="3.2.0">
  <project timestamp="1605614140204" name="All files">
    <metrics statements="7" coveredstatements="7" conditionals="0" coveredconditionals="0" methods="7" coveredmethods="7" elements="14" coveredelements="14" complexity="0" loc="7" ncloc="7" packages="1" files="7" classes="7"/>
    <file name="App.jsx" path="/Users/thkim/work/week9/flexible/src/App.jsx">
      <metrics statements="1" coveredstatements="1" conditionals="0" coveredconditionals="0" methods="1" coveredmethods="1"/>
      <line num="18" count="6" type="stmt"/>
    </file>
    <file name="GuidePage.jsx" path="/Users/thkim/work/week9/flexible/src/GuidePage.jsx">
      <metrics statements="1" coveredstatements="1" conditionals="0" coveredconditionals="0" methods="1" coveredmethods="1"/>
      <line num="6" count="1" type="stmt"/>
    </file>
    <file name="HomePage.jsx" path="/Users/thkim/work/week9/flexible/src/HomePage.jsx">
      <metrics statements="1" coveredstatements="1" conditionals="0" coveredconditionals="0" methods="1" coveredmethods="1"/>
      <line num="6" count="7" type="stmt"/>
    </file>
    <file name="InputHabitPage.jsx" path="/Users/thkim/work/week9/flexible/src/InputHabitPage.jsx">
      <metrics statements="1" coveredstatements="1" conditionals="0" coveredconditionals="0" methods="1" coveredmethods="1"/>
      <line num="6" count="1" type="stmt"/>
    </file>
    <file name="InputNamePage.jsx" path="/Users/thkim/work/week9/flexible/src/InputNamePage.jsx">
      <metrics statements="1" coveredstatements="1" conditionals="0" coveredconditionals="0" methods="1" coveredmethods="1"/>
      <line num="6" count="1" type="stmt"/>
    </file>
    <file name="NotFoundPage.jsx" path="/Users/thkim/work/week9/flexible/src/NotFoundPage.jsx">
      <metrics statements="1" coveredstatements="1" conditionals="0" coveredconditionals="0" methods="1" coveredmethods="1"/>
      <line num="4" count="1" type="stmt"/>
    </file>
    <file name="VerticalFlexibility.jsx" path="/Users/thkim/work/week9/flexible/src/VerticalFlexibility.jsx">
      <metrics statements="1" coveredstatements="1" conditionals="0" coveredconditionals="0" methods="1" coveredmethods="1"/>
      <line num="4" count="1" type="stmt"/>
    </file>
  </project>
</coverage>
