{"/Users/thkim/work/week9/flexible/src/App.jsx": {"path":"/Users/thkim/work/week9/flexible/src/App.jsx","statementMap":{"0":{"start":{"line":16,"column":2},"end":{"line":26,"column":4}}},"fnMap":{"0":{"name":"App","decl":{"start":{"line":14,"column":24},"end":{"line":14,"column":27}},"loc":{"start":{"line":14,"column":30},"end":{"line":27,"column":1}},"line":14}},"branchMap":{},"s":{"0":5},"f":{"0":5},"b":{},"_coverageSchema":"1a1c01bbd47fc00a2c39e90264f33305004495a9","hash":"95cc14baf015f541c8c65ccfdfb2a847460d6415"}
,"/Users/thkim/work/week9/flexible/src/GreetPage.jsx": {"path":"/Users/thkim/work/week9/flexible/src/GreetPage.jsx","statementMap":{"0":{"start":{"line":6,"column":2},"end":{"line":12,"column":4}}},"fnMap":{"0":{"name":"GreetPage","decl":{"start":{"line":5,"column":24},"end":{"line":5,"column":33}},"loc":{"start":{"line":5,"column":36},"end":{"line":13,"column":1}},"line":5}},"branchMap":{},"s":{"0":2},"f":{"0":2},"b":{},"_coverageSchema":"1a1c01bbd47fc00a2c39e90264f33305004495a9","hash":"43fbb0e7b07ea9edc01e6c30ebb5ddfde07af848"}
,"/Users/thkim/work/week9/flexible/src/HabitCreateContainer.jsx": {"path":"/Users/thkim/work/week9/flexible/src/HabitCreateContainer.jsx","statementMap":{"0":{"start":{"line":13,"column":19},"end":{"line":13,"column":32}},"1":{"start":{"line":15,"column":20},"end":{"line":17,"column":5}},"2":{"start":{"line":15,"column":44},"end":{"line":17,"column":3}},"3":{"start":{"line":20,"column":4},"end":{"line":20,"column":25}},"4":{"start":{"line":24,"column":4},"end":{"line":24,"column":48}},"5":{"start":{"line":27,"column":2},"end":{"line":34,"column":3}}},"fnMap":{"0":{"name":"HabitCreateContainer","decl":{"start":{"line":12,"column":24},"end":{"line":12,"column":44}},"loc":{"start":{"line":12,"column":47},"end":{"line":35,"column":1}},"line":12},"1":{"name":"(anonymous_1)","decl":{"start":{"line":15,"column":32},"end":{"line":15,"column":33}},"loc":{"start":{"line":15,"column":44},"end":{"line":17,"column":3}},"line":15},"2":{"name":"handleClick","decl":{"start":{"line":19,"column":11},"end":{"line":19,"column":22}},"loc":{"start":{"line":19,"column":25},"end":{"line":21,"column":3}},"line":19},"3":{"name":"handleChange","decl":{"start":{"line":23,"column":11},"end":{"line":23,"column":23}},"loc":{"start":{"line":23,"column":41},"end":{"line":25,"column":3}},"line":23}},"branchMap":{},"s":{"0":2,"1":2,"2":2,"3":1,"4":1,"5":2},"f":{"0":2,"1":2,"2":1,"3":1},"b":{},"_coverageSchema":"1a1c01bbd47fc00a2c39e90264f33305004495a9","hash":"3cfeb9a14c16fdf1ec02bf7c5f27b11c7109d7ce"}
,"/Users/thkim/work/week9/flexible/src/HabitForm.jsx": {"path":"/Users/thkim/work/week9/flexible/src/HabitForm.jsx","statementMap":{"0":{"start":{"line":4,"column":2},"end":{"line":10,"column":4}},"1":{"start":{"line":15,"column":40},"end":{"line":15,"column":45}},"2":{"start":{"line":16,"column":4},"end":{"line":16,"column":30}},"3":{"start":{"line":19,"column":2},"end":{"line":43,"column":3}}},"fnMap":{"0":{"name":"GuideMessage","decl":{"start":{"line":3,"column":9},"end":{"line":3,"column":21}},"loc":{"start":{"line":3,"column":24},"end":{"line":11,"column":1}},"line":3},"1":{"name":"HabitForm","decl":{"start":{"line":13,"column":24},"end":{"line":13,"column":33}},"loc":{"start":{"line":13,"column":64},"end":{"line":44,"column":1}},"line":13},"2":{"name":"handleChange","decl":{"start":{"line":14,"column":11},"end":{"line":14,"column":23}},"loc":{"start":{"line":14,"column":31},"end":{"line":17,"column":3}},"line":14}},"branchMap":{},"s":{"0":3,"1":2,"2":2,"3":3},"f":{"0":3,"1":3,"2":2},"b":{},"_coverageSchema":"1a1c01bbd47fc00a2c39e90264f33305004495a9","hash":"14db1c14fe639dc96a6bfb9fd0adcd573b41911e"}
,"/Users/thkim/work/week9/flexible/src/HomePage.jsx": {"path":"/Users/thkim/work/week9/flexible/src/HomePage.jsx","statementMap":{"0":{"start":{"line":6,"column":2},"end":{"line":12,"column":4}}},"fnMap":{"0":{"name":"HomePage","decl":{"start":{"line":5,"column":24},"end":{"line":5,"column":32}},"loc":{"start":{"line":5,"column":35},"end":{"line":13,"column":1}},"line":5}},"branchMap":{},"s":{"0":2},"f":{"0":2},"b":{},"_coverageSchema":"1a1c01bbd47fc00a2c39e90264f33305004495a9","hash":"fdfe515fe3ce509d27312d41df6b5f1e9570329b"}
,"/Users/thkim/work/week9/flexible/src/NotFoundPage.jsx": {"path":"/Users/thkim/work/week9/flexible/src/NotFoundPage.jsx","statementMap":{"0":{"start":{"line":4,"column":2},"end":{"line":8,"column":4}}},"fnMap":{"0":{"name":"NotFoundPage","decl":{"start":{"line":3,"column":24},"end":{"line":3,"column":36}},"loc":{"start":{"line":3,"column":39},"end":{"line":9,"column":1}},"line":3}},"branchMap":{},"s":{"0":2},"f":{"0":2},"b":{},"_coverageSchema":"1a1c01bbd47fc00a2c39e90264f33305004495a9","hash":"496cfda1662b32f169a29dca698dbc9557df9c11"}
,"/Users/thkim/work/week9/flexible/src/VerticalFlexibility.jsx": {"path":"/Users/thkim/work/week9/flexible/src/VerticalFlexibility.jsx","statementMap":{"0":{"start":{"line":5,"column":14},"end":{"line":8,"column":2}},"1":{"start":{"line":11,"column":2},"end":{"line":35,"column":4}}},"fnMap":{"0":{"name":"VerticalFlexibility","decl":{"start":{"line":10,"column":24},"end":{"line":10,"column":43}},"loc":{"start":{"line":10,"column":46},"end":{"line":36,"column":1}},"line":10}},"branchMap":{},"s":{"0":2,"1":2},"f":{"0":2},"b":{},"_coverageSchema":"1a1c01bbd47fc00a2c39e90264f33305004495a9","hash":"c55781bad0b636334831a146de2a24d33d4e278a"}
,"/Users/thkim/work/week9/flexible/src/actions.js": {"path":"/Users/thkim/work/week9/flexible/src/actions.js","statementMap":{"0":{"start":{"line":2,"column":2},"end":{"line":8,"column":4}},"1":{"start":{"line":12,"column":2},"end":{"line":14,"column":4}}},"fnMap":{"0":{"name":"changeHabitField","decl":{"start":{"line":1,"column":16},"end":{"line":1,"column":32}},"loc":{"start":{"line":1,"column":48},"end":{"line":9,"column":1}},"line":1},"1":{"name":"setHabit","decl":{"start":{"line":11,"column":16},"end":{"line":11,"column":24}},"loc":{"start":{"line":11,"column":27},"end":{"line":15,"column":1}},"line":11}},"branchMap":{},"s":{"0":2,"1":2},"f":{"0":2,"1":2},"b":{},"_coverageSchema":"1a1c01bbd47fc00a2c39e90264f33305004495a9","hash":"bdf67cdde328a288b3f9c34ff4172a45175ddded"}
,"/Users/thkim/work/week9/flexible/src/reducer.js": {"path":"/Users/thkim/work/week9/flexible/src/reducer.js","statementMap":{"0":{"start":{"line":1,"column":21},"end":{"line":7,"column":1}},"1":{"start":{"line":9,"column":17},"end":{"line":31,"column":1}},"2":{"start":{"line":11,"column":4},"end":{"line":17,"column":6}},"3":{"start":{"line":21,"column":33},"end":{"line":21,"column":38}},"4":{"start":{"line":22,"column":4},"end":{"line":29,"column":6}},"5":{"start":{"line":34,"column":2},"end":{"line":34,"column":15}},"6":{"start":{"line":38,"column":2},"end":{"line":38,"column":66}}},"fnMap":{"0":{"name":"(anonymous_0)","decl":{"start":{"line":10,"column":2},"end":{"line":10,"column":3}},"loc":{"start":{"line":10,"column":56},"end":{"line":18,"column":3}},"line":10},"1":{"name":"(anonymous_1)","decl":{"start":{"line":20,"column":2},"end":{"line":20,"column":3}},"loc":{"start":{"line":20,"column":18},"end":{"line":30,"column":3}},"line":20},"2":{"name":"defaultReducer","decl":{"start":{"line":33,"column":9},"end":{"line":33,"column":23}},"loc":{"start":{"line":33,"column":31},"end":{"line":35,"column":1}},"line":33},"3":{"name":"reducer","decl":{"start":{"line":37,"column":24},"end":{"line":37,"column":31}},"loc":{"start":{"line":37,"column":62},"end":{"line":39,"column":1}},"line":37}},"branchMap":{"0":{"loc":{"start":{"line":37,"column":32},"end":{"line":37,"column":52}},"type":"default-arg","locations":[{"start":{"line":37,"column":40},"end":{"line":37,"column":52}}],"line":37},"1":{"loc":{"start":{"line":38,"column":10},"end":{"line":38,"column":49}},"type":"binary-expr","locations":[{"start":{"line":38,"column":10},"end":{"line":38,"column":31}},{"start":{"line":38,"column":35},"end":{"line":38,"column":49}}],"line":38}},"s":{"0":1,"1":1,"2":1,"3":1,"4":1,"5":1,"6":3},"f":{"0":1,"1":1,"2":1,"3":3},"b":{"0":[1],"1":[3,1]},"_coverageSchema":"1a1c01bbd47fc00a2c39e90264f33305004495a9","hash":"89ce2ae2b78b29b51f5be7124b43ae360af5303f"}
}
