{"/Users/thkim/work/week9/flexible/src/App.jsx": {"path":"/Users/thkim/work/week9/flexible/src/App.jsx","statementMap":{"0":{"start":{"line":18,"column":2},"end":{"line":29,"column":4}}},"fnMap":{"0":{"name":"App","decl":{"start":{"line":16,"column":24},"end":{"line":16,"column":27}},"loc":{"start":{"line":16,"column":30},"end":{"line":30,"column":1}},"line":16}},"branchMap":{},"s":{"0":6},"f":{"0":6},"b":{},"_coverageSchema":"1a1c01bbd47fc00a2c39e90264f33305004495a9","hash":"32b8c2884b2a385b2bc363ba7cd0a46bb906bd17"}
,"/Users/thkim/work/week9/flexible/src/GuidePage.jsx": {"path":"/Users/thkim/work/week9/flexible/src/GuidePage.jsx","statementMap":{"0":{"start":{"line":6,"column":2},"end":{"line":12,"column":4}}},"fnMap":{"0":{"name":"GuidePage","decl":{"start":{"line":5,"column":24},"end":{"line":5,"column":33}},"loc":{"start":{"line":5,"column":36},"end":{"line":13,"column":1}},"line":5}},"branchMap":{},"s":{"0":2},"f":{"0":2},"b":{},"_coverageSchema":"1a1c01bbd47fc00a2c39e90264f33305004495a9","hash":"8da297acee7aa79d552f611bc5056203dc0c7cb8"}
,"/Users/thkim/work/week9/flexible/src/HomePage.jsx": {"path":"/Users/thkim/work/week9/flexible/src/HomePage.jsx","statementMap":{"0":{"start":{"line":6,"column":2},"end":{"line":12,"column":4}}},"fnMap":{"0":{"name":"HomePage","decl":{"start":{"line":5,"column":24},"end":{"line":5,"column":32}},"loc":{"start":{"line":5,"column":35},"end":{"line":13,"column":1}},"line":5}},"branchMap":{},"s":{"0":2},"f":{"0":2},"b":{},"_coverageSchema":"1a1c01bbd47fc00a2c39e90264f33305004495a9","hash":"fdfe515fe3ce509d27312d41df6b5f1e9570329b"}
,"/Users/thkim/work/week9/flexible/src/InputHabitPage.jsx": {"path":"/Users/thkim/work/week9/flexible/src/InputHabitPage.jsx","statementMap":{"0":{"start":{"line":6,"column":2},"end":{"line":15,"column":4}}},"fnMap":{"0":{"name":"InputNamePage","decl":{"start":{"line":5,"column":24},"end":{"line":5,"column":37}},"loc":{"start":{"line":5,"column":40},"end":{"line":16,"column":1}},"line":5}},"branchMap":{},"s":{"0":2},"f":{"0":2},"b":{},"_coverageSchema":"1a1c01bbd47fc00a2c39e90264f33305004495a9","hash":"d260f9902396c8948159116f52e86cea2d4f0f5b"}
,"/Users/thkim/work/week9/flexible/src/InputNamePage.jsx": {"path":"/Users/thkim/work/week9/flexible/src/InputNamePage.jsx","statementMap":{"0":{"start":{"line":6,"column":2},"end":{"line":15,"column":4}}},"fnMap":{"0":{"name":"InputNamePage","decl":{"start":{"line":5,"column":24},"end":{"line":5,"column":37}},"loc":{"start":{"line":5,"column":40},"end":{"line":16,"column":1}},"line":5}},"branchMap":{},"s":{"0":2},"f":{"0":2},"b":{},"_coverageSchema":"1a1c01bbd47fc00a2c39e90264f33305004495a9","hash":"9dc9a75c2969ff3cb19f32eeb74d6d630d6fcad3"}
,"/Users/thkim/work/week9/flexible/src/NotFoundPage.jsx": {"path":"/Users/thkim/work/week9/flexible/src/NotFoundPage.jsx","statementMap":{"0":{"start":{"line":4,"column":2},"end":{"line":8,"column":4}}},"fnMap":{"0":{"name":"NotFoundPage","decl":{"start":{"line":3,"column":24},"end":{"line":3,"column":36}},"loc":{"start":{"line":3,"column":39},"end":{"line":9,"column":1}},"line":3}},"branchMap":{},"s":{"0":2},"f":{"0":2},"b":{},"_coverageSchema":"1a1c01bbd47fc00a2c39e90264f33305004495a9","hash":"496cfda1662b32f169a29dca698dbc9557df9c11"}
,"/Users/thkim/work/week9/flexible/src/VerticalFlexibility.jsx": {"path":"/Users/thkim/work/week9/flexible/src/VerticalFlexibility.jsx","statementMap":{"0":{"start":{"line":5,"column":14},"end":{"line":8,"column":2}},"1":{"start":{"line":11,"column":2},"end":{"line":35,"column":4}}},"fnMap":{"0":{"name":"VerticalFlexibility","decl":{"start":{"line":10,"column":24},"end":{"line":10,"column":43}},"loc":{"start":{"line":10,"column":46},"end":{"line":36,"column":1}},"line":10}},"branchMap":{},"s":{"0":2,"1":2},"f":{"0":2},"b":{},"_coverageSchema":"1a1c01bbd47fc00a2c39e90264f33305004495a9","hash":"c55781bad0b636334831a146de2a24d33d4e278a"}
,"/Users/thkim/work/week9/flexible/src/actions.js": {"path":"/Users/thkim/work/week9/flexible/src/actions.js","statementMap":{},"fnMap":{"0":{"name":"defaultAction","decl":{"start":{"line":1,"column":24},"end":{"line":1,"column":37}},"loc":{"start":{"line":1,"column":41},"end":{"line":3,"column":1}},"line":1}},"branchMap":{},"s":{},"f":{"0":0},"b":{},"_coverageSchema":"1a1c01bbd47fc00a2c39e90264f33305004495a9","hash":"fefb27c8396b8dc7db20f6b7abed64c84e73e6c4"}
,"/Users/thkim/work/week9/flexible/src/reducer.js": {"path":"/Users/thkim/work/week9/flexible/src/reducer.js","statementMap":{"0":{"start":{"line":1,"column":21},"end":{"line":2,"column":1}},"1":{"start":{"line":4,"column":17},"end":{"line":5,"column":1}},"2":{"start":{"line":8,"column":2},"end":{"line":8,"column":15}},"3":{"start":{"line":12,"column":2},"end":{"line":12,"column":66}}},"fnMap":{"0":{"name":"defaultReducer","decl":{"start":{"line":7,"column":9},"end":{"line":7,"column":23}},"loc":{"start":{"line":7,"column":31},"end":{"line":9,"column":1}},"line":7},"1":{"name":"reducer","decl":{"start":{"line":11,"column":24},"end":{"line":11,"column":31}},"loc":{"start":{"line":11,"column":62},"end":{"line":13,"column":1}},"line":11}},"branchMap":{"0":{"loc":{"start":{"line":11,"column":32},"end":{"line":11,"column":52}},"type":"default-arg","locations":[{"start":{"line":11,"column":40},"end":{"line":11,"column":52}}],"line":11},"1":{"loc":{"start":{"line":12,"column":10},"end":{"line":12,"column":49}},"type":"binary-expr","locations":[{"start":{"line":12,"column":10},"end":{"line":12,"column":31}},{"start":{"line":12,"column":35},"end":{"line":12,"column":49}}],"line":12}},"s":{"0":1,"1":1,"2":1,"3":1},"f":{"0":1,"1":1},"b":{"0":[1],"1":[1,1]},"_coverageSchema":"1a1c01bbd47fc00a2c39e90264f33305004495a9","hash":"e764ac36d3ae74087cd8e5b0d9d61f655376cd5a"}
}
