TN:
SF:src/App.jsx
FN:16,App
FNF:1
FNH:1
FNDA:6,App
DA:18,6
LF:1
LH:1
BRF:0
BRH:0
end_of_record
TN:
SF:src/GuidePage.jsx
FN:5,GuidePage
FNF:1
FNH:1
FNDA:2,GuidePage
DA:6,2
LF:1
LH:1
BRF:0
BRH:0
end_of_record
TN:
SF:src/HomePage.jsx
FN:5,HomePage
FNF:1
FNH:1
FNDA:2,HomePage
DA:6,2
LF:1
LH:1
BRF:0
BRH:0
end_of_record
TN:
SF:src/InputHabitPage.jsx
FN:5,InputNamePage
FNF:1
FNH:1
FNDA:2,InputNamePage
DA:6,2
LF:1
LH:1
BRF:0
BRH:0
end_of_record
TN:
SF:src/InputNamePage.jsx
FN:5,InputNamePage
FNF:1
FNH:1
FNDA:2,InputNamePage
DA:6,2
LF:1
LH:1
BRF:0
BRH:0
end_of_record
TN:
SF:src/NotFoundPage.jsx
FN:3,NotFoundPage
FNF:1
FNH:1
FNDA:2,NotFoundPage
DA:4,2
LF:1
LH:1
BRF:0
BRH:0
end_of_record
TN:
SF:src/VerticalFlexibility.jsx
FN:3,VerticalFlexibility
FNF:1
FNH:1
FNDA:2,VerticalFlexibility
DA:4,2
LF:1
LH:1
BRF:0
BRH:0
end_of_record
