TN:
SF:src/App.jsx
FN:15,App
FNF:1
FNH:1
FNDA:6,App
DA:17,6
LF:1
LH:1
BRF:0
BRH:0
end_of_record
TN:
SF:src/GreetPage.jsx
FN:5,GreetPage
FNF:1
FNH:1
FNDA:2,GreetPage
DA:6,2
LF:1
LH:1
BRF:0
BRH:0
end_of_record
TN:
SF:src/HabitCreateContainer.jsx
FN:12,HabitCreateContainer
FN:15,(anonymous_1)
FN:19,handleClick
FN:23,handleChange
FNF:4
FNH:4
FNDA:2,HabitCreateContainer
FNDA:2,(anonymous_1)
FNDA:1,handleClick
FNDA:1,handleChange
DA:13,2
DA:15,2
DA:20,1
DA:24,1
DA:27,2
LF:5
LH:5
BRF:0
BRH:0
end_of_record
TN:
SF:src/HabitForm.jsx
FN:5,HabitForm
FN:6,GuideMessage
FN:16,handleChange
FNF:3
FNH:3
FNDA:3,HabitForm
FNDA:3,GuideMessage
FNDA:2,handleChange
DA:7,3
DA:17,2
DA:18,2
DA:21,3
LF:4
LH:4
BRF:0
BRH:0
end_of_record
TN:
SF:src/HabitMatrix.jsx
FN:3,HabitMatrix
FNF:1
FNH:1
FNDA:3,HabitMatrix
DA:4,3
DA:6,3
LF:2
LH:2
BRF:0
BRH:0
end_of_record
TN:
SF:src/HabitMatrixContainer.jsx
FN:7,HabitMatrixContainer
FN:8,(anonymous_1)
FNF:2
FNH:2
FNDA:2,HabitMatrixContainer
FNDA:2,(anonymous_1)
DA:8,2
DA:12,2
LF:2
LH:2
BRF:0
BRH:0
end_of_record
TN:
SF:src/HomePage.jsx
FN:5,HomePage
FNF:1
FNH:1
FNDA:2,HomePage
DA:6,2
LF:1
LH:1
BRF:0
BRH:0
end_of_record
TN:
SF:src/NotFoundPage.jsx
FN:3,NotFoundPage
FNF:1
FNH:1
FNDA:2,NotFoundPage
DA:4,2
LF:1
LH:1
BRF:0
BRH:0
end_of_record
TN:
SF:src/VerticalFlexibility.jsx
FN:10,VerticalFlexibility
FNF:1
FNH:1
FNDA:2,VerticalFlexibility
DA:5,2
DA:11,2
LF:2
LH:2
BRF:0
BRH:0
end_of_record
TN:
SF:src/actions.js
FN:1,changeHabitField
FN:11,setHabit
FNF:2
FNH:2
FNDA:2,changeHabitField
FNDA:2,setHabit
DA:2,2
DA:12,2
LF:2
LH:2
BRF:0
BRH:0
end_of_record
TN:
SF:src/reducer.js
FN:10,(anonymous_0)
FN:20,(anonymous_1)
FN:33,defaultReducer
FN:37,reducer
FNF:4
FNH:4
FNDA:1,(anonymous_0)
FNDA:1,(anonymous_1)
FNDA:1,defaultReducer
FNDA:3,reducer
DA:1,1
DA:9,1
DA:11,1
DA:21,1
DA:22,1
DA:34,1
DA:38,3
LF:7
LH:7
BRDA:37,0,0,1
BRDA:38,1,0,3
BRDA:38,1,1,1
BRF:3
BRH:3
end_of_record
